  [1m[35m (1.0ms)[0m  [1m[34mSELECT sqlite_version(*)[0m
  [1m[35m (0.5ms)[0m  [1m[35mCREATE TABLE "schema_migrations" ("version" varchar NOT NULL PRIMARY KEY)[0m
  [1m[35m (0.4ms)[0m  [1m[35mCREATE TABLE "ar_internal_metadata" ("key" varchar NOT NULL PRIMARY KEY, "value" varchar, "created_at" datetime(6) NOT NULL, "updated_at" datetime(6) NOT NULL)[0m
  [1m[36mActiveRecord::SchemaMigration Pluck (0.1ms)[0m  [1m[34mSELECT "schema_migrations"."version" FROM "schema_migrations" ORDER BY "schema_migrations"."version" ASC[0m
Migrating to CreateUsers (20220210223556)
  [1m[36mTRANSACTION (0.0ms)[0m  [1m[36mbegin transaction[0m
  [1m[35m (0.2ms)[0m  [1m[35mCREATE TABLE "users" ("id" integer PRIMARY KEY AUTOINCREMENT NOT NULL, "first_name" varchar, "last_name" varchar, "email" varchar, "password" varchar, "created_at" datetime(6) NOT NULL, "updated_at" datetime(6) NOT NULL)[0m
  [1m[36mActiveRecord::SchemaMigration Create (0.2ms)[0m  [1m[32mINSERT INTO "schema_migrations" ("version") VALUES (?)[0m  [["version", "20220210223556"]]
  [1m[36mTRANSACTION (0.4ms)[0m  [1m[36mcommit transaction[0m
Migrating to CreateUserlistings (20220213005844)
  [1m[36mTRANSACTION (0.0ms)[0m  [1m[36mbegin transaction[0m
  [1m[35m (0.2ms)[0m  [1m[35mCREATE TABLE "userlistings" ("id" integer PRIMARY KEY AUTOINCREMENT NOT NULL, "name" varchar, "image" varchar, "category" varchar, "description" varchar, "price" integer, "listing_id" integer, "user_id" integer, "created_at" datetime(6) NOT NULL, "updated_at" datetime(6) NOT NULL)[0m
  [1m[36mActiveRecord::SchemaMigration Create (0.1ms)[0m  [1m[32mINSERT INTO "schema_migrations" ("version") VALUES (?)[0m  [["version", "20220213005844"]]
  [1m[36mTRANSACTION (0.3ms)[0m  [1m[36mcommit transaction[0m
Migrating to CreateListings (20220213010022)
  [1m[36mTRANSACTION (0.0ms)[0m  [1m[36mbegin transaction[0m
  [1m[35m (0.3ms)[0m  [1m[35mCREATE TABLE "listings" ("id" integer PRIMARY KEY AUTOINCREMENT NOT NULL, "name" varchar, "image" varchar, "category" varchar, "description" varchar, "price" integer, "created_at" datetime(6) NOT NULL, "updated_at" datetime(6) NOT NULL)[0m
  [1m[36mActiveRecord::SchemaMigration Create (0.1ms)[0m  [1m[32mINSERT INTO "schema_migrations" ("version") VALUES (?)[0m  [["version", "20220213010022"]]
  [1m[36mTRANSACTION (0.3ms)[0m  [1m[36mcommit transaction[0m
  [1m[36mActiveRecord::InternalMetadata Load (0.1ms)[0m  [1m[34mSELECT "ar_internal_metadata".* FROM "ar_internal_metadata" WHERE "ar_internal_metadata"."key" = ? LIMIT ?[0m  [["key", "environment"], ["LIMIT", 1]]
  [1m[36mTRANSACTION (0.0ms)[0m  [1m[36mbegin transaction[0m
  [1m[36mActiveRecord::InternalMetadata Create (0.2ms)[0m  [1m[32mINSERT INTO "ar_internal_metadata" ("key", "value", "created_at", "updated_at") VALUES (?, ?, ?, ?)[0m  [["key", "environment"], ["value", "development"], ["created_at", "2022-02-13 03:17:28.102387"], ["updated_at", "2022-02-13 03:17:28.102387"]]
  [1m[36mTRANSACTION (0.3ms)[0m  [1m[36mcommit transaction[0m
  [1m[35m (0.0ms)[0m  [1m[34mSELECT sqlite_version(*)[0m
  [1m[36mActiveRecord::SchemaMigration Pluck (0.0ms)[0m  [1m[34mSELECT "schema_migrations"."version" FROM "schema_migrations" ORDER BY "schema_migrations"."version" ASC[0m
  [1m[35m (0.0ms)[0m  [1m[34mSELECT sqlite_version(*)[0m
  [1m[36mActiveRecord::SchemaMigration Pluck (0.0ms)[0m  [1m[34mSELECT "schema_migrations"."version" FROM "schema_migrations" ORDER BY "schema_migrations"."version" ASC[0m
  [1m[35m (0.0ms)[0m  [1m[34mSELECT sqlite_version(*)[0m
  [1m[36mListing Load (0.1ms)[0m  [1m[34mSELECT "listings".* FROM "listings"[0m
  [1m[36mUser Load (0.0ms)[0m  [1m[34mSELECT "users".* FROM "users"[0m
  [1m[35m (0.5ms)[0m  [1m[34mSELECT sqlite_version(*)[0m
  [1m[36mActiveRecord::SchemaMigration Pluck (0.1ms)[0m  [1m[34mSELECT "schema_migrations"."version" FROM "schema_migrations" ORDER BY "schema_migrations"."version" ASC[0m
  [1m[35m (0.0ms)[0m  [1m[34mSELECT sqlite_version(*)[0m
  [1m[36mListing Load (0.2ms)[0m  [1m[34mSELECT "listings".* FROM "listings"[0m
  [1m[36mUser Load (0.3ms)[0m  [1m[34mSELECT "users".* FROM "users"[0m
  [1m[36mUserlisting Load (0.1ms)[0m  [1m[34mSELECT "userlistings".* FROM "userlistings"[0m
  [1m[35m (1.6ms)[0m  [1m[34mSELECT sqlite_version(*)[0m
  [1m[36mActiveRecord::SchemaMigration Pluck (0.1ms)[0m  [1m[34mSELECT "schema_migrations"."version" FROM "schema_migrations" ORDER BY "schema_migrations"."version" ASC[0m
  [1m[35m (0.0ms)[0m  [1m[34mSELECT sqlite_version(*)[0m
  [1m[36mListing Load (0.2ms)[0m  [1m[34mSELECT "listings".* FROM "listings"[0m
  [1m[36mUser Load (0.3ms)[0m  [1m[34mSELECT "users".* FROM "users"[0m
  [1m[36mUserlisting Load (0.1ms)[0m  [1m[34mSELECT "userlistings".* FROM "userlistings"[0m
  [1m[36mTRANSACTION (0.0ms)[0m  [1m[36mbegin transaction[0m
  [1m[36mUser Create (0.5ms)[0m  [1m[32mINSERT INTO "users" ("first_name", "last_name", "email", "password", "created_at", "updated_at") VALUES (?, ?, ?, ?, ?, ?)[0m  [["first_name", "Robbin"], ["last_name", "Miller"], ["email", "themillers@gmail.com"], ["password", "[FILTERED]"], ["created_at", "2022-02-13 03:20:23.425349"], ["updated_at", "2022-02-13 03:20:23.425349"]]
  [1m[36mTRANSACTION (0.3ms)[0m  [1m[36mcommit transaction[0m
  [1m[36mTRANSACTION (0.0ms)[0m  [1m[36mbegin transaction[0m
  [1m[36mUser Create (0.3ms)[0m  [1m[32mINSERT INTO "users" ("first_name", "last_name", "email", "password", "created_at", "updated_at") VALUES (?, ?, ?, ?, ?, ?)[0m  [["first_name", "Tiffany"], ["last_name", "Tam"], ["email", "tamtiffany89@gmail.com"], ["password", "[FILTERED]"], ["created_at", "2022-02-13 03:20:23.428743"], ["updated_at", "2022-02-13 03:20:23.428743"]]
  [1m[36mTRANSACTION (0.3ms)[0m  [1m[36mcommit transaction[0m
  [1m[36mTRANSACTION (0.0ms)[0m  [1m[36mbegin transaction[0m
  [1m[36mUser Create (0.2ms)[0m  [1m[32mINSERT INTO "users" ("first_name", "last_name", "email", "password", "created_at", "updated_at") VALUES (?, ?, ?, ?, ?, ?)[0m  [["first_name", "Elias"], ["last_name", "Kapeluschnik"], ["email", "elias@gmail.com"], ["password", "[FILTERED]"], ["created_at", "2022-02-13 03:20:23.430983"], ["updated_at", "2022-02-13 03:20:23.430983"]]
  [1m[36mTRANSACTION (0.2ms)[0m  [1m[36mcommit transaction[0m
  [1m[36mTRANSACTION (0.0ms)[0m  [1m[36mbegin transaction[0m
  [1m[36mListing Create (0.2ms)[0m  [1m[32mINSERT INTO "listings" ("name", "image", "category", "description", "price", "created_at", "updated_at") VALUES (?, ?, ?, ?, ?, ?, ?)[0m  [["name", "Off-White Blazer"], ["image", "https://di2ponv0v5otw.cloudfront.net/posts/2021/08/02/610806d002bcaf90f38366f7/m_61080f4aac97029151d3cf9b.jpeg"], ["category", "Outerwear"], ["description", "Off-White tan sport blazer"], ["price", 450], ["created_at", "2022-02-13 03:20:23.435880"], ["updated_at", "2022-02-13 03:20:23.435880"]]
  [1m[36mTRANSACTION (0.3ms)[0m  [1m[36mcommit transaction[0m
  [1m[36mTRANSACTION (0.0ms)[0m  [1m[36mbegin transaction[0m
  [1m[36mListing Create (0.3ms)[0m  [1m[32mINSERT INTO "listings" ("name", "image", "category", "description", "price", "created_at", "updated_at") VALUES (?, ?, ?, ?, ?, ?, ?)[0m  [["name", "Champion Sweatpants"], ["image", "https://images.dickssportinggoods.com/is/image/dkscdn/20CHABCHMPNSCRPTFAPB_Navy_is/?wid=252&hei=252&qlt=85,0&fmt=jpg&op_sharpen=1"], ["category", "Bottoms"], ["description", "Fleece navy Champion sweatpant"], ["price", 95], ["created_at", "2022-02-13 03:20:23.438228"], ["updated_at", "2022-02-13 03:20:23.438228"]]
  [1m[36mTRANSACTION (0.3ms)[0m  [1m[36mcommit transaction[0m
  [1m[36mTRANSACTION (0.0ms)[0m  [1m[36mbegin transaction[0m
  [1m[36mListing Create (0.2ms)[0m  [1m[32mINSERT INTO "listings" ("name", "image", "category", "description", "price", "created_at", "updated_at") VALUES (?, ?, ?, ?, ?, ?, ?)[0m  [["name", "Off-White Sweater"], ["image", "https://di2ponv0v5otw.cloudfront.net/posts/2021/08/02/61080fd99ad84486e201abe0/m_610813feefd0e47821e594ab.jpeg"], ["category", "Sweater"], ["description", "Off-White Hi-Viz Sweater"], ["price", 300], ["created_at", "2022-02-13 03:20:23.440511"], ["updated_at", "2022-02-13 03:20:23.440511"]]
  [1m[36mTRANSACTION (0.2ms)[0m  [1m[36mcommit transaction[0m
  [1m[36mTRANSACTION (0.0ms)[0m  [1m[36mbegin transaction[0m
  [1m[36mListing Create (0.1ms)[0m  [1m[32mINSERT INTO "listings" ("name", "image", "category", "description", "price", "created_at", "updated_at") VALUES (?, ?, ?, ?, ?, ?, ?)[0m  [["name", "Vintage Oversized Cardigan"], ["image", "https://di2ponv0v5otw.cloudfront.net/posts/2021/11/09/618a75fc3bad6dce97b78b47/m_618a760dbb593721101a2bed.jpg"], ["category", "Sweater"], ["description", "Vintage Sears mixed stitch cardigan sweater"], ["price", 39], ["created_at", "2022-02-13 03:20:23.442183"], ["updated_at", "2022-02-13 03:20:23.442183"]]
  [1m[36mTRANSACTION (0.2ms)[0m  [1m[36mcommit transaction[0m
  [1m[36mTRANSACTION (0.0ms)[0m  [1m[36mbegin transaction[0m
  [1m[36mListing Create (0.1ms)[0m  [1m[32mINSERT INTO "listings" ("name", "image", "category", "description", "price", "created_at", "updated_at") VALUES (?, ?, ?, ?, ?, ?, ?)[0m  [["name", "Alexander Wang Fleece Sweatpants"], ["image", "https://di2ponv0v5otw.cloudfront.net/posts/2019/11/14/5dcdf9e7b146cc9201a26931/m_5dcdfaaa248f7ae3e3eaad24.jpg"], ["category", "Bottom"], ["description", "Alexander Wang Red Fleece Sweatpants"], ["price", 40], ["created_at", "2022-02-13 03:20:23.443714"], ["updated_at", "2022-02-13 03:20:23.443714"]]
  [1m[36mTRANSACTION (0.2ms)[0m  [1m[36mcommit transaction[0m
  [1m[36mTRANSACTION (0.0ms)[0m  [1m[36mbegin transaction[0m
  [1m[36mListing Create (0.2ms)[0m  [1m[32mINSERT INTO "listings" ("name", "image", "category", "description", "price", "created_at", "updated_at") VALUES (?, ?, ?, ?, ?, ?, ?)[0m  [["name", "& Other Stories Belted Wool Blazer"], ["image", "https://di2ponv0v5otw.cloudfront.net/posts/2021/10/28/617abe686f6c913e86b650d2/m_617abe882f3d1915eebd07d8.jpg"], ["category", "Outerwear"], ["description", "& Other Stories Grey Belted Wool Blazer"], ["price", 245], ["created_at", "2022-02-13 03:20:23.445308"], ["updated_at", "2022-02-13 03:20:23.445308"]]
  [1m[36mTRANSACTION (0.3ms)[0m  [1m[36mcommit transaction[0m
  [1m[36mTRANSACTION (0.0ms)[0m  [1m[36mbegin transaction[0m
  [1m[36mListing Create (0.2ms)[0m  [1m[32mINSERT INTO "listings" ("name", "image", "category", "description", "price", "created_at", "updated_at") VALUES (?, ?, ?, ?, ?, ?, ?)[0m  [["name", "UO turtleneck top"], ["image", "https://di2ponv0v5otw.cloudfront.net/posts/2021/10/26/6178397c3cda88fddbae5642/m_61783998ce1e8766ffb336ce.jpg"], ["category", "Shirts"], ["description", "UO tie-dye sheer turtleneck top"], ["price", 25], ["created_at", "2022-02-13 03:20:23.447266"], ["updated_at", "2022-02-13 03:20:23.447266"]]
  [1m[36mTRANSACTION (0.3ms)[0m  [1m[36mcommit transaction[0m
  [1m[36mTRANSACTION (0.0ms)[0m  [1m[36mbegin transaction[0m
  [1m[36mListing Create (0.1ms)[0m  [1m[32mINSERT INTO "listings" ("name", "image", "category", "description", "price", "created_at", "updated_at") VALUES (?, ?, ?, ?, ?, ?, ?)[0m  [["name", "Off-White Branded Mock Top"], ["image", "https://di2ponv0v5otw.cloudfront.net/posts/2021/11/10/618ca59ac32ee6e8de7017d7/m_618ca6e9efd0e40573842a3e.jpg"], ["category", "Shirts"], ["description", "Off-White Short Sleeve Turtleneck Top"], ["price", 220], ["created_at", "2022-02-13 03:20:23.449284"], ["updated_at", "2022-02-13 03:20:23.449284"]]
  [1m[36mTRANSACTION (0.2ms)[0m  [1m[36mcommit transaction[0m
  [1m[36mTRANSACTION (0.0ms)[0m  [1m[36mbegin transaction[0m
  [1m[36mListing Create (0.2ms)[0m  [1m[32mINSERT INTO "listings" ("name", "image", "category", "description", "price", "created_at", "updated_at") VALUES (?, ?, ?, ?, ?, ?, ?)[0m  [["name", "MinkPink Faux Suede Dress"], ["image", "https://di2ponv0v5otw.cloudfront.net/posts/2020/12/21/5fe0a6746914125d73202645/m_5fe0a6746914125d73202646.jpg"], ["category", "One-piece"], ["description", "MinkPink Faux Tan Suede Shift Dress"], ["price", 20], ["created_at", "2022-02-13 03:20:23.450967"], ["updated_at", "2022-02-13 03:20:23.450967"]]
  [1m[36mTRANSACTION (0.3ms)[0m  [1m[36mcommit transaction[0m
  [1m[36mTRANSACTION (0.0ms)[0m  [1m[36mbegin transaction[0m
  [1m[36mListing Create (0.2ms)[0m  [1m[32mINSERT INTO "listings" ("name", "image", "category", "description", "price", "created_at", "updated_at") VALUES (?, ?, ?, ?, ?, ?, ?)[0m  [["name", "Lacausa Charlie jumpsuit"], ["image", "https://di2ponv0v5otw.cloudfront.net/posts/2019/10/10/5d9f5ef85c63813373242a3b/m_5d9f5efa23eff39890a77e80.jpeg"], ["category", "One-piece"], ["description", "Super soft cotton jumpsuit by LA-based brand Lacausa"], ["price", 130], ["created_at", "2022-02-13 03:20:23.452909"], ["updated_at", "2022-02-13 03:20:23.452909"]]
  [1m[36mTRANSACTION (0.3ms)[0m  [1m[36mcommit transaction[0m
  [1m[36mTRANSACTION (0.0ms)[0m  [1m[36mbegin transaction[0m
  [1m[36mListing Create (0.1ms)[0m  [1m[32mINSERT INTO "listings" ("name", "image", "category", "description", "price", "created_at", "updated_at") VALUES (?, ?, ?, ?, ?, ?, ?)[0m  [["name", "Vintage Harley Davidson Saddle Bag"], ["image", "https://di2ponv0v5otw.cloudfront.net/posts/2021/06/03/60b90f92fdcbf6e406089273/m_60b91089275e55f7102a9fa3.jpeg"], ["category", "Bags"], ["description", "Harley Davidson Motorcycle Black Side Saddle Bag"], ["price", 75], ["created_at", "2022-02-13 03:20:23.454923"], ["updated_at", "2022-02-13 03:20:23.454923"]]
  [1m[36mTRANSACTION (0.4ms)[0m  [1m[36mcommit transaction[0m
  [1m[36mTRANSACTION (0.0ms)[0m  [1m[36mbegin transaction[0m
  [1m[36mListing Create (0.1ms)[0m  [1m[32mINSERT INTO "listings" ("name", "image", "category", "description", "price", "created_at", "updated_at") VALUES (?, ?, ?, ?, ?, ?, ?)[0m  [["name", "Carhartt Legacy Classic Work Backpack"], ["image", "https://di2ponv0v5otw.cloudfront.net/posts/2021/05/10/6099d7513a0db9f23a1ba03f/m_6099d76fbcbb52fd38b91086.jpg"], ["category", "Bags"], ["description", "Carhartt Legacy Classic Work Backpack padded, water repellent, plus Duravax abrasion-resistant"], ["price", 90], ["created_at", "2022-02-13 03:20:23.456720"], ["updated_at", "2022-02-13 03:20:23.456720"]]
  [1m[36mTRANSACTION (0.2ms)[0m  [1m[36mcommit transaction[0m
  [1m[36mTRANSACTION (0.0ms)[0m  [1m[36mbegin transaction[0m
  [1m[36mListing Create (0.1ms)[0m  [1m[32mINSERT INTO "listings" ("name", "image", "category", "description", "price", "created_at", "updated_at") VALUES (?, ?, ?, ?, ?, ?, ?)[0m  [["name", "Audemars Piguet Watch"], ["image", "https://di2ponv0v5otw.cloudfront.net/posts/2021/11/13/618ffeaa88cce36adce13b54/m_618ffeffbcbb52c797ee3805.jpg"], ["category", "Accessories"], ["description", "Audemars Piguet Watch Gold Plated Watch"], ["price", 420], ["created_at", "2022-02-13 03:20:23.458263"], ["updated_at", "2022-02-13 03:20:23.458263"]]
  [1m[36mTRANSACTION (0.6ms)[0m  [1m[36mcommit transaction[0m
  [1m[36mTRANSACTION (0.0ms)[0m  [1m[36mbegin transaction[0m
  [1m[36mListing Create (0.1ms)[0m  [1m[32mINSERT INTO "listings" ("name", "image", "category", "description", "price", "created_at", "updated_at") VALUES (?, ?, ?, ?, ?, ?, ?)[0m  [["name", "Ray-Ban Round Sunglasses"], ["image", "https://di2ponv0v5otw.cloudfront.net/posts/2021/05/19/60a5e119a2f48c7d45106182/m_617cd50181a36c4d3c438871.jpeg"], ["category", "Accessories"], ["description", "Ray-Ban RB3447 001 Round Sunglasses"], ["price", 70], ["created_at", "2022-02-13 03:20:23.460216"], ["updated_at", "2022-02-13 03:20:23.460216"]]
  [1m[36mTRANSACTION (0.4ms)[0m  [1m[36mcommit transaction[0m
  [1m[36mTRANSACTION (0.0ms)[0m  [1m[36mbegin transaction[0m
  [1m[36mListing Create (0.2ms)[0m  [1m[32mINSERT INTO "listings" ("name", "image", "category", "description", "price", "created_at", "updated_at") VALUES (?, ?, ?, ?, ?, ?, ?)[0m  [["name", "UPERFECT 15.6 inch Portable Monitor"], ["image", "hhttps://i.ebayimg.com/images/g/vlQAAOSwAGxeIYEP/s-l500.jpg"], ["category", "Technology"], ["description", "UPERFECT 15.6 inch 4K 3840x2160 HDR IPS Ultra Slim Portable Monitor &HD Input US"], ["price", 260], ["created_at", "2022-02-13 03:20:23.462042"], ["updated_at", "2022-02-13 03:20:23.462042"]]
  [1m[36mTRANSACTION (0.3ms)[0m  [1m[36mcommit transaction[0m
  [1m[36mTRANSACTION (0.0ms)[0m  [1m[36mbegin transaction[0m
  [1m[36mListing Create (0.3ms)[0m  [1m[32mINSERT INTO "listings" ("name", "image", "category", "description", "price", "created_at", "updated_at") VALUES (?, ?, ?, ?, ?, ?, ?)[0m  [["name", "Apple MacBook Pro 13.3 Laptop M1 Chip"], ["image", "https://i.ebayimg.com/images/g/NAcAAOSw6DBf3AyP/s-l1600.png"], ["category", "Technology"], ["description", "Apple MacBook Pro 13.3 Laptop M1 Chip 8GB 256GB SSD Space Gray MYD82LL/A 2020"], ["price", 1050], ["created_at", "2022-02-13 03:20:23.464058"], ["updated_at", "2022-02-13 03:20:23.464058"]]
  [1m[36mTRANSACTION (0.3ms)[0m  [1m[36mcommit transaction[0m
  [1m[36mTRANSACTION (0.0ms)[0m  [1m[36mbegin transaction[0m
  [1m[36mListing Create (0.1ms)[0m  [1m[32mINSERT INTO "listings" ("name", "image", "category", "description", "price", "created_at", "updated_at") VALUES (?, ?, ?, ?, ?, ?, ?)[0m  [["name", "Staub 4QT Cast Iron Cocotte"], ["image", "https://di2ponv0v5otw.cloudfront.net/posts/2021/11/09/618ad7d812d880235e9909c7/m_618ad7d812d880235e9909c8.jpg"], ["category", "Kitchen"], ["description", "4-Quart Round Enameled Cast Iron Cocotte STAUB NIB"], ["price", 260], ["created_at", "2022-02-13 03:20:23.466100"], ["updated_at", "2022-02-13 03:20:23.466100"]]
  [1m[36mTRANSACTION (0.5ms)[0m  [1m[36mcommit transaction[0m
  [1m[36mTRANSACTION (0.0ms)[0m  [1m[36mbegin transaction[0m
  [1m[36mListing Create (0.2ms)[0m  [1m[32mINSERT INTO "listings" ("name", "image", "category", "description", "price", "created_at", "updated_at") VALUES (?, ?, ?, ?, ?, ?, ?)[0m  [["name", "Vintage Century Aluminum Ware"], ["image", "https://di2ponv0v5otw.cloudfront.net/posts/2021/10/14/6168f00084bb0b2276452221/m_6168f86ce13164a3cd53579a.jpeg"], ["category", "Kitchen"], ["description", "Vintage Century Aluminum Ware FLOUR COFFEE SUGAR TEA Cannisters Set of 4 VGUC"], ["price", 65], ["created_at", "2022-02-13 03:20:23.468053"], ["updated_at", "2022-02-13 03:20:23.468053"]]
  [1m[36mTRANSACTION (0.3ms)[0m  [1m[36mcommit transaction[0m
  [1m[36mTRANSACTION (0.0ms)[0m  [1m[36mbegin transaction[0m
  [1m[36mListing Create (0.1ms)[0m  [1m[32mINSERT INTO "listings" ("name", "image", "category", "description", "price", "created_at", "updated_at") VALUES (?, ?, ?, ?, ?, ?, ?)[0m  [["name", "Kate Spade Willow Court Shower Curtain"], ["image", "https://di2ponv0v5otw.cloudfront.net/posts/2021/02/08/6021e14f60fded9b09a87f84/m_6021e15c06d59c39c1ececb1.jpg"], ["category", "Bathroom"], ["description", "Kate Spade Willow Court Shower Curtain"], ["price", 40], ["created_at", "2022-02-13 03:20:23.470109"], ["updated_at", "2022-02-13 03:20:23.470109"]]
  [1m[36mTRANSACTION (0.2ms)[0m  [1m[36mcommit transaction[0m
  [1m[36mTRANSACTION (0.0ms)[0m  [1m[36mbegin transaction[0m
  [1m[36mListing Create (0.1ms)[0m  [1m[32mINSERT INTO "listings" ("name", "image", "category", "description", "price", "created_at", "updated_at") VALUES (?, ?, ?, ?, ?, ?, ?)[0m  [["name", "Kate Spade Lather, Rinse, Repeat Bath Rug"], ["image", "https://di2ponv0v5otw.cloudfront.net/posts/2021/05/28/60b1a50693649f3ea31cf583/m_60b328cc941f172ec9f5cfed.jpg"], ["category", "Bathroom"], ["description", "Kate Spade Lather, Rinse, Repeat Bath Rug"], ["price", 30], ["created_at", "2022-02-13 03:20:23.471786"], ["updated_at", "2022-02-13 03:20:23.471786"]]
  [1m[36mTRANSACTION (0.2ms)[0m  [1m[36mcommit transaction[0m
  [1m[36mTRANSACTION (0.0ms)[0m  [1m[36mbegin transaction[0m
  [1m[36mUser Load (0.2ms)[0m  [1m[34mSELECT "users".* FROM "users" WHERE "users"."id" = ? LIMIT ?[0m  [["id", 2], ["LIMIT", 1]]
  [1m[36mListing Load (0.1ms)[0m  [1m[34mSELECT "listings".* FROM "listings" WHERE "listings"."id" = ? LIMIT ?[0m  [["id", 1], ["LIMIT", 1]]
  [1m[36mUserlisting Create (0.3ms)[0m  [1m[32mINSERT INTO "userlistings" ("name", "image", "category", "description", "price", "listing_id", "user_id", "created_at", "updated_at") VALUES (?, ?, ?, ?, ?, ?, ?, ?, ?)[0m  [["name", "Off-White Blazer"], ["image", "https://di2ponv0v5otw.cloudfront.net/posts/2021/08/02/610806d002bcaf90f38366f7/m_61080f4aac97029151d3cf9b.jpeg"], ["category", "Outerwear"], ["description", "Off-White tan sport blazer"], ["price", 450], ["listing_id", 1], ["user_id", 2], ["created_at", "2022-02-13 03:20:23.486918"], ["updated_at", "2022-02-13 03:20:23.486918"]]
  [1m[36mTRANSACTION (0.3ms)[0m  [1m[36mcommit transaction[0m
  [1m[36mTRANSACTION (0.0ms)[0m  [1m[36mbegin transaction[0m
  [1m[36mUser Load (0.1ms)[0m  [1m[34mSELECT "users".* FROM "users" WHERE "users"."id" = ? LIMIT ?[0m  [["id", 2], ["LIMIT", 1]]
  [1m[36mListing Load (0.0ms)[0m  [1m[34mSELECT "listings".* FROM "listings" WHERE "listings"."id" = ? LIMIT ?[0m  [["id", 2], ["LIMIT", 1]]
  [1m[36mUserlisting Create (0.1ms)[0m  [1m[32mINSERT INTO "userlistings" ("name", "image", "category", "description", "price", "listing_id", "user_id", "created_at", "updated_at") VALUES (?, ?, ?, ?, ?, ?, ?, ?, ?)[0m  [["name", "Champion Sweatpants"], ["image", "https://images.dickssportinggoods.com/is/image/dkscdn/20CHABCHMPNSCRPTFAPB_Navy_is/?wid=252&hei=252&qlt=85,0&fmt=jpg&op_sharpen=1"], ["category", "Bottoms"], ["description", "Fleece navy Champion sweatpant"], ["price", 95], ["listing_id", 2], ["user_id", 2], ["created_at", "2022-02-13 03:20:23.490696"], ["updated_at", "2022-02-13 03:20:23.490696"]]
  [1m[36mTRANSACTION (0.2ms)[0m  [1m[36mcommit transaction[0m
  [1m[36mTRANSACTION (0.0ms)[0m  [1m[36mbegin transaction[0m
  [1m[36mUser Load (0.0ms)[0m  [1m[34mSELECT "users".* FROM "users" WHERE "users"."id" = ? LIMIT ?[0m  [["id", 2], ["LIMIT", 1]]
  [1m[36mListing Load (0.0ms)[0m  [1m[34mSELECT "listings".* FROM "listings" WHERE "listings"."id" = ? LIMIT ?[0m  [["id", 3], ["LIMIT", 1]]
  [1m[36mUserlisting Create (0.1ms)[0m  [1m[32mINSERT INTO "userlistings" ("name", "image", "category", "description", "price", "listing_id", "user_id", "created_at", "updated_at") VALUES (?, ?, ?, ?, ?, ?, ?, ?, ?)[0m  [["name", "Off-White Sweater"], ["image", "https://di2ponv0v5otw.cloudfront.net/posts/2021/08/02/61080fd99ad84486e201abe0/m_610813feefd0e47821e594ab.jpeg"], ["category", "Sweater"], ["description", "Off-White Hi-Viz Sweater"], ["price", 300], ["listing_id", 3], ["user_id", 2], ["created_at", "2022-02-13 03:20:23.493563"], ["updated_at", "2022-02-13 03:20:23.493563"]]
  [1m[36mTRANSACTION (0.2ms)[0m  [1m[36mcommit transaction[0m
  [1m[36mTRANSACTION (0.0ms)[0m  [1m[36mbegin transaction[0m
  [1m[36mUser Load (0.1ms)[0m  [1m[34mSELECT "users".* FROM "users" WHERE "users"."id" = ? LIMIT ?[0m  [["id", 2], ["LIMIT", 1]]
  [1m[36mListing Load (0.0ms)[0m  [1m[34mSELECT "listings".* FROM "listings" WHERE "listings"."id" = ? LIMIT ?[0m  [["id", 4], ["LIMIT", 1]]
  [1m[36mUserlisting Create (0.2ms)[0m  [1m[32mINSERT INTO "userlistings" ("name", "image", "category", "description", "price", "listing_id", "user_id", "created_at", "updated_at") VALUES (?, ?, ?, ?, ?, ?, ?, ?, ?)[0m  [["name", "Vintage Oversized Cardigan"], ["image", "https://di2ponv0v5otw.cloudfront.net/posts/2021/11/09/618a75fc3bad6dce97b78b47/m_618a760dbb593721101a2bed.jpg"], ["category", "Sweater"], ["description", "Vintage Sears mixed stitch cardigan sweater"], ["price", 39], ["listing_id", 4], ["user_id", 2], ["created_at", "2022-02-13 03:20:23.496726"], ["updated_at", "2022-02-13 03:20:23.496726"]]
  [1m[36mTRANSACTION (0.3ms)[0m  [1m[36mcommit transaction[0m
  [1m[36mTRANSACTION (0.0ms)[0m  [1m[36mbegin transaction[0m
  [1m[36mUser Load (0.0ms)[0m  [1m[34mSELECT "users".* FROM "users" WHERE "users"."id" = ? LIMIT ?[0m  [["id", 2], ["LIMIT", 1]]
  [1m[36mListing Load (0.0ms)[0m  [1m[34mSELECT "listings".* FROM "listings" WHERE "listings"."id" = ? LIMIT ?[0m  [["id", 5], ["LIMIT", 1]]
  [1m[36mUserlisting Create (0.2ms)[0m  [1m[32mINSERT INTO "userlistings" ("name", "image", "category", "description", "price", "listing_id", "user_id", "created_at", "updated_at") VALUES (?, ?, ?, ?, ?, ?, ?, ?, ?)[0m  [["name", "Alexander Wang Fleece Sweatpants"], ["image", "https://di2ponv0v5otw.cloudfront.net/posts/2019/11/14/5dcdf9e7b146cc9201a26931/m_5dcdfaaa248f7ae3e3eaad24.jpg"], ["category", "Bottom"], ["description", "Alexander Wang Red Fleece Sweatpants"], ["price", 40], ["listing_id", 5], ["user_id", 2], ["created_at", "2022-02-13 03:20:23.500229"], ["updated_at", "2022-02-13 03:20:23.500229"]]
  [1m[36mTRANSACTION (0.3ms)[0m  [1m[36mcommit transaction[0m
  [1m[35m (1.0ms)[0m  [1m[34mSELECT sqlite_version(*)[0m
  [1m[36mActiveRecord::SchemaMigration Pluck (0.1ms)[0m  [1m[34mSELECT "schema_migrations"."version" FROM "schema_migrations" ORDER BY "schema_migrations"."version" ASC[0m
Started GET "/listings" for ::1 at 2022-02-15 12:43:40 -0500
  [1m[35m (1.0ms)[0m  [1m[34mSELECT sqlite_version(*)[0m
  [1m[36mActiveRecord::SchemaMigration Pluck (0.1ms)[0m  [1m[34mSELECT "schema_migrations"."version" FROM "schema_migrations" ORDER BY "schema_migrations"."version" ASC[0m
  
SyntaxError (/Users/tiffster/Development/code/Capstone Project/Soldsify/app/controllers/listings_controller.rb:38: syntax error, unexpected `end', expecting end-of-input):
  
app/controllers/listings_controller.rb:38: syntax error, unexpected `end', expecting end-of-input
app/controllers/listings_controller.rb:38: syntax error, unexpected `end', expecting end-of-input
app/controllers/listings_controller.rb:38: syntax error, unexpected `end', expecting end-of-input
Started GET "/listings" for ::1 at 2022-02-15 12:44:12 -0500
  [1m[35m (0.0ms)[0m  [1m[34mSELECT sqlite_version(*)[0m
Processing by ListingsController#index as */*
  Parameters: {"id"=>1, "username"=>"test", "date"=>"test", "comment"=>"test", "user_id"=>1, "album"=>"5dGWwsZ9iB2Xc3UKR0gif2", "listing"=>{"id"=>1}}
  [1m[36mListing Load (0.4ms)[0m  [1m[34mSELECT "listings".* FROM "listings"[0m
  ↳ app/controllers/listings_controller.rb:5:in `index'
Completed 200 OK in 15ms (Views: 14.0ms | ActiveRecord: 1.2ms | Allocations: 8335)


Started GET "/userlistings%20" for ::1 at 2022-02-15 12:44:26 -0500
  
ActionController::RoutingError (No route matches [GET] "/userlistings%20"):
  
Started GET "/userlistings" for ::1 at 2022-02-15 12:44:35 -0500
Processing by UserlistingsController#index as */*
  Parameters: {"id"=>1, "username"=>"test", "date"=>"test", "comment"=>"test", "user_id"=>1, "album"=>"5dGWwsZ9iB2Xc3UKR0gif2", "userlisting"=>{"id"=>1, "user_id"=>1}}
  [1m[36mUserlisting Load (0.4ms)[0m  [1m[34mSELECT "userlistings".* FROM "userlistings"[0m
  ↳ app/controllers/userlistings_controller.rb:4:in `index'
Completed 200 OK in 5ms (Views: 4.0ms | ActiveRecord: 0.8ms | Allocations: 4763)


Started GET "/users" for ::1 at 2022-02-15 12:44:46 -0500
Processing by UsersController#index as */*
  Parameters: {"id"=>1, "username"=>"test", "date"=>"test", "comment"=>"test", "user_id"=>1, "album"=>"5dGWwsZ9iB2Xc3UKR0gif2", "user"=>{"id"=>1}}
  [1m[36mUser Load (0.1ms)[0m  [1m[34mSELECT "users".* FROM "users"[0m
  ↳ app/controllers/users_controller.rb:5:in `index'
Completed 200 OK in 5ms (Views: 4.6ms | ActiveRecord: 0.5ms | Allocations: 4430)


Started GET "/sold_listings" for ::1 at 2022-02-15 13:43:01 -0500
Started GET "/user_listings" for ::1 at 2022-02-15 13:43:01 -0500
  [1m[35m (0.8ms)[0m  [1m[34mSELECT sqlite_version(*)[0m
  [1m[36mActiveRecord::SchemaMigration Pluck (0.1ms)[0m  [1m[34mSELECT "schema_migrations"."version" FROM "schema_migrations" ORDER BY "schema_migrations"."version" ASC[0m
  
ActionController::RoutingError (No route matches [GET] "/sold_listings"):
  
  
ActionController::RoutingError (No route matches [GET] "/user_listings"):
  
Started GET "/user_listings" for ::1 at 2022-02-15 13:43:15 -0500
Started GET "/sold_listings" for ::1 at 2022-02-15 13:43:15 -0500
  
ActionController::RoutingError (No route matches [GET] "/user_listings"):
  
  
ActionController::RoutingError (No route matches [GET] "/sold_listings"):
  
Started GET "/userlistings" for ::1 at 2022-02-15 13:45:34 -0500
Processing by UserlistingsController#index as */*
  Parameters: {"id"=>1, "username"=>"test", "date"=>"test", "comment"=>"test", "user_id"=>1, "album"=>"5dGWwsZ9iB2Xc3UKR0gif2", "userlisting"=>{"id"=>1, "user_id"=>1}}
  [1m[36mUserlisting Load (0.6ms)[0m  [1m[34mSELECT "userlistings".* FROM "userlistings"[0m
  ↳ app/controllers/userlistings_controller.rb:4:in `index'
Completed 200 OK in 17ms (Views: 15.8ms | ActiveRecord: 1.5ms | Allocations: 7122)


Started GET "/sold_listings" for ::1 at 2022-02-15 13:45:40 -0500
Started GET "/userlistings" for ::1 at 2022-02-15 13:45:40 -0500
  
ActionController::RoutingError (No route matches [GET] "/sold_listings"):
  
Processing by UserlistingsController#index as */*
  [1m[36mUserlisting Load (0.2ms)[0m  [1m[34mSELECT "userlistings".* FROM "userlistings"[0m
  ↳ app/controllers/userlistings_controller.rb:4:in `index'
Completed 200 OK in 3ms (Views: 2.5ms | ActiveRecord: 0.2ms | Allocations: 1619)


Started GET "/listings" for ::1 at 2022-02-15 13:45:50 -0500
Started GET "/userlistings" for ::1 at 2022-02-15 13:45:50 -0500
Processing by UserlistingsController#index as */*
  [1m[36mUserlisting Load (0.2ms)[0m  [1m[34mSELECT "userlistings".* FROM "userlistings"[0m
  ↳ app/controllers/userlistings_controller.rb:4:in `index'
Processing by ListingsController#index as */*
Completed 200 OK in 5ms (Views: 4.4ms | ActiveRecord: 0.2ms | Allocations: 1866)


  [1m[36mListing Load (0.6ms)[0m  [1m[34mSELECT "listings".* FROM "listings"[0m
  ↳ app/controllers/listings_controller.rb:5:in `index'
Completed 200 OK in 20ms (Views: 9.3ms | ActiveRecord: 1.4ms | Allocations: 7816)


Started GET "/listings" for ::1 at 2022-02-15 19:19:36 -0500
Started GET "/userlistings" for ::1 at 2022-02-15 19:19:36 -0500
  [1m[35m (1.1ms)[0m  [1m[34mSELECT sqlite_version(*)[0m
  [1m[36mActiveRecord::SchemaMigration Pluck (0.1ms)[0m  [1m[34mSELECT "schema_migrations"."version" FROM "schema_migrations" ORDER BY "schema_migrations"."version" ASC[0m
Processing by ListingsController#index as */*
Processing by UserlistingsController#index as */*
  [1m[36mListing Load (0.4ms)[0m  [1m[34mSELECT "listings".* FROM "listings"[0m
  ↳ app/controllers/listings_controller.rb:5:in `index'
  [1m[35m (0.0ms)[0m  [1m[34mSELECT sqlite_version(*)[0m
  ↳ app/controllers/userlistings_controller.rb:4:in `index'
  [1m[36mUserlisting Load (0.3ms)[0m  [1m[34mSELECT "userlistings".* FROM "userlistings"[0m
  ↳ app/controllers/userlistings_controller.rb:4:in `index'
Completed 200 OK in 14ms (Views: 8.2ms | ActiveRecord: 0.6ms | Allocations: 15631)


Completed 200 OK in 19ms (Views: 8.1ms | ActiveRecord: 0.7ms | Allocations: 20472)


Started GET "/listings" for ::1 at 2022-02-15 19:19:39 -0500
Started GET "/userlistings" for ::1 at 2022-02-15 19:19:39 -0500
Processing by ListingsController#index as */*
  [1m[36mListing Load (0.2ms)[0m  [1m[34mSELECT "listings".* FROM "listings"[0m
  ↳ app/controllers/listings_controller.rb:5:in `index'
Completed 200 OK in 4ms (Views: 3.7ms | ActiveRecord: 0.2ms | Allocations: 3504)


Processing by UserlistingsController#index as */*
  [1m[36mUserlisting Load (0.1ms)[0m  [1m[34mSELECT "userlistings".* FROM "userlistings"[0m
  ↳ app/controllers/userlistings_controller.rb:4:in `index'
Completed 200 OK in 2ms (Views: 1.5ms | ActiveRecord: 0.1ms | Allocations: 1395)


Started GET "/userlistings" for ::1 at 2022-02-15 20:08:40 -0500
Started GET "/listings" for ::1 at 2022-02-15 20:08:40 -0500
Processing by ListingsController#index as */*
Processing by UserlistingsController#index as */*
  [1m[35m (0.5ms)[0m  [1m[34mSELECT sqlite_version(*)[0m
  ↳ app/controllers/listings_controller.rb:5:in `index'
  [1m[35m (0.0ms)[0m  [1m[34mSELECT sqlite_version(*)[0m
  [1m[36mListing Load (0.4ms)[0m  [1m[34mSELECT "listings".* FROM "listings"[0m
  ↳ app/controllers/userlistings_controller.rb:4:in `index'
  [1m[36mUserlisting Load (0.3ms)[0m  [1m[34mSELECT "userlistings".* FROM "userlistings"[0m
  ↳ app/controllers/listings_controller.rb:5:in `index'
Completed 200 OK in 25ms (Views: 24.4ms | ActiveRecord: 6.1ms | Allocations: 5245)


  ↳ app/controllers/userlistings_controller.rb:4:in `index'
Completed 200 OK in 10ms (Views: 9.6ms | ActiveRecord: 0.6ms | Allocations: 5967)


Started GET "/listings" for ::1 at 2022-02-15 20:15:29 -0500
Started GET "/userlistings" for ::1 at 2022-02-15 20:15:29 -0500
Processing by UserlistingsController#index as */*
Processing by ListingsController#index as */*
  [1m[35m (0.1ms)[0m  [1m[34mSELECT sqlite_version(*)[0m
  [1m[35m (0.0ms)[0m  [1m[34mSELECT sqlite_version(*)[0m
  ↳ app/controllers/userlistings_controller.rb:4:in `index'
  ↳ app/controllers/listings_controller.rb:5:in `index'
  [1m[36mUserlisting Load (0.4ms)[0m  [1m[34mSELECT "userlistings".* FROM "userlistings"[0m
  [1m[36mListing Load (0.5ms)[0m  [1m[34mSELECT "listings".* FROM "listings"[0m
  ↳ app/controllers/userlistings_controller.rb:4:in `index'
  ↳ app/controllers/listings_controller.rb:5:in `index'
Completed 200 OK in 13ms (Views: 11.2ms | ActiveRecord: 1.0ms | Allocations: 3601)


Completed 200 OK in 14ms (Views: 13.5ms | ActiveRecord: 0.8ms | Allocations: 6077)


Started GET "/userlistings" for ::1 at 2022-02-15 20:26:26 -0500
Started GET "/listings" for ::1 at 2022-02-15 20:26:26 -0500
Processing by UserlistingsController#index as */*
Processing by ListingsController#index as */*
  [1m[35m (0.1ms)[0m  [1m[34mSELECT sqlite_version(*)[0m
  [1m[35m (0.0ms)[0m  [1m[34mSELECT sqlite_version(*)[0m
  ↳ app/controllers/userlistings_controller.rb:4:in `index'
  ↳ app/controllers/listings_controller.rb:5:in `index'
  [1m[36mUserlisting Load (0.6ms)[0m  [1m[34mSELECT "userlistings".* FROM "userlistings"[0m
  ↳ app/controllers/userlistings_controller.rb:4:in `index'
  [1m[36mListing Load (0.6ms)[0m  [1m[34mSELECT "listings".* FROM "listings"[0m
  ↳ app/controllers/listings_controller.rb:5:in `index'
Completed 200 OK in 16ms (Views: 15.4ms | ActiveRecord: 1.1ms | Allocations: 3171)


Completed 200 OK in 16ms (Views: 15.3ms | ActiveRecord: 0.8ms | Allocations: 5955)


Started GET "/userlistings" for ::1 at 2022-02-15 20:46:26 -0500
Started GET "/listings" for ::1 at 2022-02-15 20:46:26 -0500
Processing by ListingsController#index as */*
  [1m[35m (0.1ms)[0m  [1m[34mSELECT sqlite_version(*)[0m
Processing by UserlistingsController#index as */*
  ↳ app/controllers/listings_controller.rb:5:in `index'
  [1m[35m (0.0ms)[0m  [1m[34mSELECT sqlite_version(*)[0m
  [1m[36mListing Load (0.4ms)[0m  [1m[34mSELECT "listings".* FROM "listings"[0m
  ↳ app/controllers/userlistings_controller.rb:4:in `index'
  ↳ app/controllers/listings_controller.rb:5:in `index'
  [1m[36mUserlisting Load (0.3ms)[0m  [1m[34mSELECT "userlistings".* FROM "userlistings"[0m
Completed 200 OK in 14ms (Views: 12.6ms | ActiveRecord: 1.0ms | Allocations: 5118)


  ↳ app/controllers/userlistings_controller.rb:4:in `index'
Completed 200 OK in 9ms (Views: 8.3ms | ActiveRecord: 0.6ms | Allocations: 5691)


Started GET "/userlistings" for ::1 at 2022-02-15 20:50:02 -0500
Started GET "/listings" for ::1 at 2022-02-15 20:50:02 -0500
Processing by UserlistingsController#index as */*
  [1m[36mUserlisting Load (0.3ms)[0m  [1m[34mSELECT "userlistings".* FROM "userlistings"[0m
  ↳ app/controllers/userlistings_controller.rb:4:in `index'
Processing by ListingsController#index as */*
Completed 200 OK in 10ms (Views: 8.6ms | ActiveRecord: 0.3ms | Allocations: 1610)


  [1m[36mListing Load (0.4ms)[0m  [1m[34mSELECT "listings".* FROM "listings"[0m
  ↳ app/controllers/listings_controller.rb:5:in `index'
Completed 200 OK in 6ms (Views: 5.4ms | ActiveRecord: 0.4ms | Allocations: 3711)


Started GET "/userlistings" for ::1 at 2022-02-15 20:56:33 -0500
Started GET "/listings" for ::1 at 2022-02-15 20:56:33 -0500
  [1m[35m (0.9ms)[0m  [1m[34mSELECT sqlite_version(*)[0m
  [1m[36mActiveRecord::SchemaMigration Pluck (0.1ms)[0m  [1m[34mSELECT "schema_migrations"."version" FROM "schema_migrations" ORDER BY "schema_migrations"."version" ASC[0m
Processing by UserlistingsController#index as */*
Processing by ListingsController#index as */*
  [1m[35m (0.0ms)[0m  [1m[34mSELECT sqlite_version(*)[0m
  ↳ app/controllers/listings_controller.rb:5:in `index'
  [1m[36mListing Load (0.3ms)[0m  [1m[34mSELECT "listings".* FROM "listings"[0m
  ↳ app/controllers/listings_controller.rb:5:in `index'
  [1m[36mUserlisting Load (0.2ms)[0m  [1m[34mSELECT "userlistings".* FROM "userlistings"[0m
  ↳ app/controllers/userlistings_controller.rb:4:in `index'
Completed 200 OK in 17ms (Views: 11.5ms | ActiveRecord: 0.7ms | Allocations: 20222)


Completed 200 OK in 19ms (Views: 11.0ms | ActiveRecord: 0.6ms | Allocations: 21891)


Started GET "/userlistings" for ::1 at 2022-02-15 20:56:44 -0500
Started GET "/listings" for ::1 at 2022-02-15 20:56:44 -0500
Processing by UserlistingsController#index as */*
  [1m[36mUserlisting Load (0.5ms)[0m  [1m[34mSELECT "userlistings".* FROM "userlistings"[0m
  ↳ app/controllers/userlistings_controller.rb:4:in `index'
Completed 200 OK in 5ms (Views: 3.4ms | ActiveRecord: 0.5ms | Allocations: 1417)


Processing by ListingsController#index as */*
  [1m[36mListing Load (0.5ms)[0m  [1m[34mSELECT "listings".* FROM "listings"[0m
  ↳ app/controllers/listings_controller.rb:5:in `index'
Completed 200 OK in 4ms (Views: 3.5ms | ActiveRecord: 0.5ms | Allocations: 3474)


